This file contains any messages produced by compilers while
running configure, to aid debugging if configure makes a mistake.

It was created by configure, which was
generated by GNU Autoconf 2.59.  Invocation command line was

  $ ./configure --host=i486-linux-gnu --build=i486-linux-gnu --without-javadocs --prefix=/usr --mandir=${prefix}/share/man --infodir=${prefix}/share/info

## --------- ##
## Platform. ##
## --------- ##

hostname = joshua
uname -m = i686
uname -r = 2.6.13-gentoo-r3gelux
uname -s = Linux
uname -v = #1 Sun Oct 16 19:37:38 CEST 2005

/usr/bin/uname -p = unknown
/bin/uname -X     = unknown

/bin/arch              = i686
/usr/bin/arch -k       = unknown
/usr/convex/getsysinfo = unknown
hostinfo               = unknown
/bin/machine           = unknown
/usr/bin/oslevel       = unknown
/bin/universe          = unknown

PATH: /usr/local/sbin
PATH: /usr/local/bin
PATH: /usr/sbin
PATH: /usr/bin
PATH: /sbin
PATH: /bin
PATH: /opt/bin
PATH: /usr/i686-pc-linux-gnu/gcc-bin/3.3.6
PATH: /opt/ati/bin
PATH: /opt/blackdown-jdk-1.4.2.02/bin
PATH: /opt/blackdown-jdk-1.4.2.02/jre/bin
PATH: /usr/qt/3/bin
PATH: /usr/kde/3.4/sbin
PATH: /usr/kde/3.4/bin
PATH: /usr/kde/3.3/sbin
PATH: /usr/kde/3.3/bin
PATH: /usr/kde/3.3/sbin
PATH: /usr/kde/3.3/bin
PATH: /usr/kde/3.2/sbin
PATH: /usr/kde/3.2/bin
PATH: /opt/vmware/workstation/bin


## ----------- ##
## Core tests. ##
## ----------- ##

configure:1596: checking for a BSD-compatible install
configure:1651: result: /usr/bin/install -c
configure:1662: checking whether build environment is sane
configure:1705: result: yes
configure:1770: checking for gawk
configure:1786: found /usr/bin/gawk
configure:1796: result: gawk
configure:1806: checking whether make sets $(MAKE)
configure:1826: result: yes
configure:2007: checking for style of include used by make
configure:2035: result: GNU
configure:2065: checking for gcj
configure:2081: found /usr/bin/gcj
configure:2091: result: gcj
configure:2112: checking dependency style of gcj
configure:2202: result: none
configure:2300: checking build system type
configure:2318: result: i486-pc-linux-gnu
configure:2326: checking host system type
configure:2340: result: i486-pc-linux-gnu
configure:2356: checking for i486-linux-gnu-gcc
configure:2372: found /usr/bin/i486-linux-gnu-gcc
configure:2382: result: i486-linux-gnu-gcc
configure:2664: checking for C compiler version
configure:2667: i486-linux-gnu-gcc --version </dev/null >&5
i486-linux-gnu-gcc (GCC) 4.0.2 (Debian 4.0.2-2)
Copyright (C) 2005 Free Software Foundation, Inc.
This is free software; see the source for copying conditions.  There is NO
warranty; not even for MERCHANTABILITY or FITNESS FOR A PARTICULAR PURPOSE.

configure:2670: $? = 0
configure:2672: i486-linux-gnu-gcc -v </dev/null >&5
Using built-in specs.
Target: i486-linux-gnu
Configured with: ../src/configure -v --enable-languages=c,c++,java,f95,objc,ada,treelang --prefix=/usr --enable-shared --with-system-zlib --libexecdir=/usr/lib --without-included-gettext --enable-threads=posix --enable-nls --program-suffix=-4.0 --enable-__cxa_atexit --enable-libstdcxx-allocator=mt --enable-clocale=gnu --enable-libstdcxx-debug --enable-java-gc=boehm --enable-java-awt=gtk --enable-gtk-cairo --with-java-home=/usr/lib/jvm/java-1.4.2-gcj-4.0-1.4.2.0/jre --enable-mpfr --disable-werror --enable-checking=release i486-linux-gnu
Thread model: posix
gcc version 4.0.2 (Debian 4.0.2-2)
configure:2675: $? = 0
configure:2677: i486-linux-gnu-gcc -V </dev/null >&5
i486-linux-gnu-gcc: '-V' option must have argument
configure:2680: $? = 1
configure:2703: checking for C compiler default output file name
configure:2706: i486-linux-gnu-gcc -Wall  -O2  -L/usr/lib/jni conftest.c  >&5
configure:2709: $? = 0
configure:2755: result: a.out
configure:2760: checking whether the C compiler works
configure:2766: ./a.out
configure:2769: $? = 0
configure:2786: result: yes
configure:2793: checking whether we are cross compiling
configure:2795: result: no
configure:2798: checking for suffix of executables
configure:2800: i486-linux-gnu-gcc -o conftest -Wall  -O2  -L/usr/lib/jni conftest.c  >&5
configure:2803: $? = 0
configure:2828: result: 
configure:2834: checking for suffix of object files
configure:2855: i486-linux-gnu-gcc -c -Wall  -O2  conftest.c >&5
configure:2858: $? = 0
configure:2880: result: o
configure:2884: checking whether we are using the GNU C compiler
configure:2908: i486-linux-gnu-gcc -c -Wall  -O2  conftest.c >&5
configure:2914: $? = 0
configure:2917: test -z 			 || test ! -s conftest.err
configure:2920: $? = 0
configure:2923: test -s conftest.o
configure:2926: $? = 0
configure:2939: result: yes
configure:2945: checking whether i486-linux-gnu-gcc accepts -g
configure:2966: i486-linux-gnu-gcc -c -g  conftest.c >&5
configure:2972: $? = 0
configure:2975: test -z 			 || test ! -s conftest.err
configure:2978: $? = 0
configure:2981: test -s conftest.o
configure:2984: $? = 0
configure:2995: result: yes
configure:3012: checking for i486-linux-gnu-gcc option to accept ANSI C
configure:3082: i486-linux-gnu-gcc  -c -Wall  -O2  conftest.c >&5
configure:3088: $? = 0
configure:3091: test -z 			 || test ! -s conftest.err
configure:3094: $? = 0
configure:3097: test -s conftest.o
configure:3100: $? = 0
configure:3118: result: none needed
configure:3136: i486-linux-gnu-gcc -c -Wall  -O2  conftest.c >&5
conftest.c:2: error: syntax error before 'me'
configure:3142: $? = 1
configure: failed program was:
| #ifndef __cplusplus
|   choke me
| #endif
configure:3274: checking dependency style of i486-linux-gnu-gcc
configure:3364: result: none
configure:3381: checking for a sed that does not truncate output
configure:3435: result: /usr/bin/sed
configure:3438: checking for egrep
configure:3448: result: grep -E
configure:3464: checking for ld used by i486-linux-gnu-gcc
configure:3531: result: /usr/bin/ld
configure:3540: checking if the linker (/usr/bin/ld) is GNU ld
configure:3555: result: yes
configure:3560: checking for /usr/bin/ld option to reload object files
configure:3567: result: -r
configure:3576: checking for BSD-compatible nm
configure:3618: result: nm
configure:3622: checking whether ln -s works
configure:3626: result: yes
configure:3633: checking how to recognise dependent libraries
configure:3807: result: pass_all
configure:4020: checking how to run the C preprocessor
configure:4055: i486-linux-gnu-gcc -E  conftest.c
configure:4061: $? = 0
configure:4093: i486-linux-gnu-gcc -E  conftest.c
conftest.c:11:28: error: ac_nonexistent.h: No such file or directory
configure:4099: $? = 1
configure: failed program was:
| /* confdefs.h.  */
| 
| #define PACKAGE_NAME ""
| #define PACKAGE_TARNAME ""
| #define PACKAGE_VERSION ""
| #define PACKAGE_STRING ""
| #define PACKAGE_BUGREPORT ""
| #define PACKAGE "gelux-installer"
| #define VERSION "1.0.0"
| /* end confdefs.h.  */
| #include <ac_nonexistent.h>
configure:4138: result: i486-linux-gnu-gcc -E
configure:4162: i486-linux-gnu-gcc -E  conftest.c
configure:4168: $? = 0
configure:4200: i486-linux-gnu-gcc -E  conftest.c
conftest.c:11:28: error: ac_nonexistent.h: No such file or directory
configure:4206: $? = 1
configure: failed program was:
| /* confdefs.h.  */
| 
| #define PACKAGE_NAME ""
| #define PACKAGE_TARNAME ""
| #define PACKAGE_VERSION ""
| #define PACKAGE_STRING ""
| #define PACKAGE_BUGREPORT ""
| #define PACKAGE "gelux-installer"
| #define VERSION "1.0.0"
| /* end confdefs.h.  */
| #include <ac_nonexistent.h>
configure:4250: checking for ANSI C header files
configure:4275: i486-linux-gnu-gcc -c -Wall  -O2  conftest.c >&5
configure:4281: $? = 0
configure:4284: test -z 			 || test ! -s conftest.err
configure:4287: $? = 0
configure:4290: test -s conftest.o
configure:4293: $? = 0
configure:4382: i486-linux-gnu-gcc -o conftest -Wall  -O2  -L/usr/lib/jni conftest.c  >&5
conftest.c: In function 'main':
conftest.c:28: warning: implicit declaration of function 'exit'
conftest.c:28: warning: incompatible implicit declaration of built-in function 'exit'
configure:4385: $? = 0
configure:4387: ./conftest
configure:4390: $? = 0
configure:4405: result: yes
configure:4429: checking for sys/types.h
configure:4445: i486-linux-gnu-gcc -c -Wall  -O2  conftest.c >&5
configure:4451: $? = 0
configure:4454: test -z 			 || test ! -s conftest.err
configure:4457: $? = 0
configure:4460: test -s conftest.o
configure:4463: $? = 0
configure:4474: result: yes
configure:4429: checking for sys/stat.h
configure:4445: i486-linux-gnu-gcc -c -Wall  -O2  conftest.c >&5
configure:4451: $? = 0
configure:4454: test -z 			 || test ! -s conftest.err
configure:4457: $? = 0
configure:4460: test -s conftest.o
configure:4463: $? = 0
configure:4474: result: yes
configure:4429: checking for stdlib.h
configure:4445: i486-linux-gnu-gcc -c -Wall  -O2  conftest.c >&5
configure:4451: $? = 0
configure:4454: test -z 			 || test ! -s conftest.err
configure:4457: $? = 0
configure:4460: test -s conftest.o
configure:4463: $? = 0
configure:4474: result: yes
configure:4429: checking for string.h
configure:4445: i486-linux-gnu-gcc -c -Wall  -O2  conftest.c >&5
configure:4451: $? = 0
configure:4454: test -z 			 || test ! -s conftest.err
configure:4457: $? = 0
configure:4460: test -s conftest.o
configure:4463: $? = 0
configure:4474: result: yes
configure:4429: checking for memory.h
configure:4445: i486-linux-gnu-gcc -c -Wall  -O2  conftest.c >&5
configure:4451: $? = 0
configure:4454: test -z 			 || test ! -s conftest.err
configure:4457: $? = 0
configure:4460: test -s conftest.o
configure:4463: $? = 0
configure:4474: result: yes
configure:4429: checking for strings.h
configure:4445: i486-linux-gnu-gcc -c -Wall  -O2  conftest.c >&5
configure:4451: $? = 0
configure:4454: test -z 			 || test ! -s conftest.err
configure:4457: $? = 0
configure:4460: test -s conftest.o
configure:4463: $? = 0
configure:4474: result: yes
configure:4429: checking for inttypes.h
configure:4445: i486-linux-gnu-gcc -c -Wall  -O2  conftest.c >&5
configure:4451: $? = 0
configure:4454: test -z 			 || test ! -s conftest.err
configure:4457: $? = 0
configure:4460: test -s conftest.o
configure:4463: $? = 0
configure:4474: result: yes
configure:4429: checking for stdint.h
configure:4445: i486-linux-gnu-gcc -c -Wall  -O2  conftest.c >&5
configure:4451: $? = 0
configure:4454: test -z 			 || test ! -s conftest.err
configure:4457: $? = 0
configure:4460: test -s conftest.o
configure:4463: $? = 0
configure:4474: result: yes
configure:4429: checking for unistd.h
configure:4445: i486-linux-gnu-gcc -c -Wall  -O2  conftest.c >&5
configure:4451: $? = 0
configure:4454: test -z 			 || test ! -s conftest.err
configure:4457: $? = 0
configure:4460: test -s conftest.o
configure:4463: $? = 0
configure:4474: result: yes
configure:4500: checking dlfcn.h usability
configure:4512: i486-linux-gnu-gcc -c -Wall  -O2  conftest.c >&5
configure:4518: $? = 0
configure:4521: test -z 			 || test ! -s conftest.err
configure:4524: $? = 0
configure:4527: test -s conftest.o
configure:4530: $? = 0
configure:4540: result: yes
configure:4544: checking dlfcn.h presence
configure:4554: i486-linux-gnu-gcc -E  conftest.c
configure:4560: $? = 0
configure:4580: result: yes
configure:4615: checking for dlfcn.h
configure:4622: result: yes
configure:4645: checking for i486-linux-gnu-g++
configure:4661: found /usr/bin/i486-linux-gnu-g++
configure:4671: result: i486-linux-gnu-g++
configure:4729: checking for C++ compiler version
configure:4732: i486-linux-gnu-g++ --version </dev/null >&5
i486-linux-gnu-g++ (GCC) 4.0.2 (Debian 4.0.2-2)
Copyright (C) 2005 Free Software Foundation, Inc.
This is free software; see the source for copying conditions.  There is NO
warranty; not even for MERCHANTABILITY or FITNESS FOR A PARTICULAR PURPOSE.

configure:4735: $? = 0
configure:4737: i486-linux-gnu-g++ -v </dev/null >&5
Using built-in specs.
Target: i486-linux-gnu
Configured with: ../src/configure -v --enable-languages=c,c++,java,f95,objc,ada,treelang --prefix=/usr --enable-shared --with-system-zlib --libexecdir=/usr/lib --without-included-gettext --enable-threads=posix --enable-nls --program-suffix=-4.0 --enable-__cxa_atexit --enable-libstdcxx-allocator=mt --enable-clocale=gnu --enable-libstdcxx-debug --enable-java-gc=boehm --enable-java-awt=gtk --enable-gtk-cairo --with-java-home=/usr/lib/jvm/java-1.4.2-gcj-4.0-1.4.2.0/jre --enable-mpfr --disable-werror --enable-checking=release i486-linux-gnu
Thread model: posix
gcc version 4.0.2 (Debian 4.0.2-2)
configure:4740: $? = 0
configure:4742: i486-linux-gnu-g++ -V </dev/null >&5
i486-linux-gnu-g++: '-V' option must have argument
configure:4745: $? = 1
configure:4748: checking whether we are using the GNU C++ compiler
configure:4772: i486-linux-gnu-g++ -c   conftest.cc >&5
configure:4778: $? = 0
configure:4781: test -z 			 || test ! -s conftest.err
configure:4784: $? = 0
configure:4787: test -s conftest.o
configure:4790: $? = 0
configure:4803: result: yes
configure:4809: checking whether i486-linux-gnu-g++ accepts -g
configure:4830: i486-linux-gnu-g++ -c -g  conftest.cc >&5
configure:4836: $? = 0
configure:4839: test -z 			 || test ! -s conftest.err
configure:4842: $? = 0
configure:4845: test -s conftest.o
configure:4848: $? = 0
configure:4859: result: yes
configure:4901: i486-linux-gnu-g++ -c -g -O2  conftest.cc >&5
configure:4907: $? = 0
configure:4910: test -z 			 || test ! -s conftest.err
configure:4913: $? = 0
configure:4916: test -s conftest.o
configure:4919: $? = 0
configure:4945: i486-linux-gnu-g++ -c -g -O2  conftest.cc >&5
conftest.cc: In function 'int main()':
conftest.cc:26: error: 'exit' was not declared in this scope
configure:4951: $? = 1
configure: failed program was:
| /* confdefs.h.  */
| 
| #define PACKAGE_NAME ""
| #define PACKAGE_TARNAME ""
| #define PACKAGE_VERSION ""
| #define PACKAGE_STRING ""
| #define PACKAGE_BUGREPORT ""
| #define PACKAGE "gelux-installer"
| #define VERSION "1.0.0"
| #define STDC_HEADERS 1
| #define HAVE_SYS_TYPES_H 1
| #define HAVE_SYS_STAT_H 1
| #define HAVE_STDLIB_H 1
| #define HAVE_STRING_H 1
| #define HAVE_MEMORY_H 1
| #define HAVE_STRINGS_H 1
| #define HAVE_INTTYPES_H 1
| #define HAVE_STDINT_H 1
| #define HAVE_UNISTD_H 1
| #define HAVE_DLFCN_H 1
| /* end confdefs.h.  */
| 
| int
| main ()
| {
| exit (42);
|   ;
|   return 0;
| }
configure:4901: i486-linux-gnu-g++ -c -g -O2  conftest.cc >&5
configure:4907: $? = 0
configure:4910: test -z 			 || test ! -s conftest.err
configure:4913: $? = 0
configure:4916: test -s conftest.o
configure:4919: $? = 0
configure:4945: i486-linux-gnu-g++ -c -g -O2  conftest.cc >&5
configure:4951: $? = 0
configure:4954: test -z 			 || test ! -s conftest.err
configure:4957: $? = 0
configure:4960: test -s conftest.o
configure:4963: $? = 0
configure:4988: checking dependency style of i486-linux-gnu-g++
configure:5078: result: none
configure:5100: checking how to run the C++ preprocessor
configure:5131: i486-linux-gnu-g++ -E  conftest.cc
configure:5137: $? = 0
configure:5169: i486-linux-gnu-g++ -E  conftest.cc
conftest.cc:25:28: error: ac_nonexistent.h: No such file or directory
configure:5175: $? = 1
configure: failed program was:
| /* confdefs.h.  */
| 
| #define PACKAGE_NAME ""
| #define PACKAGE_TARNAME ""
| #define PACKAGE_VERSION ""
| #define PACKAGE_STRING ""
| #define PACKAGE_BUGREPORT ""
| #define PACKAGE "gelux-installer"
| #define VERSION "1.0.0"
| #define STDC_HEADERS 1
| #define HAVE_SYS_TYPES_H 1
| #define HAVE_SYS_STAT_H 1
| #define HAVE_STDLIB_H 1
| #define HAVE_STRING_H 1
| #define HAVE_MEMORY_H 1
| #define HAVE_STRINGS_H 1
| #define HAVE_INTTYPES_H 1
| #define HAVE_STDINT_H 1
| #define HAVE_UNISTD_H 1
| #define HAVE_DLFCN_H 1
| #ifdef __cplusplus
| extern "C" void std::exit (int) throw (); using std::exit;
| #endif
| /* end confdefs.h.  */
| #include <ac_nonexistent.h>
configure:5214: result: i486-linux-gnu-g++ -E
configure:5238: i486-linux-gnu-g++ -E  conftest.cc
configure:5244: $? = 0
configure:5276: i486-linux-gnu-g++ -E  conftest.cc
conftest.cc:25:28: error: ac_nonexistent.h: No such file or directory
configure:5282: $? = 1
configure: failed program was:
| /* confdefs.h.  */
| 
| #define PACKAGE_NAME ""
| #define PACKAGE_TARNAME ""
| #define PACKAGE_VERSION ""
| #define PACKAGE_STRING ""
| #define PACKAGE_BUGREPORT ""
| #define PACKAGE "gelux-installer"
| #define VERSION "1.0.0"
| #define STDC_HEADERS 1
| #define HAVE_SYS_TYPES_H 1
| #define HAVE_SYS_STAT_H 1
| #define HAVE_STDLIB_H 1
| #define HAVE_STRING_H 1
| #define HAVE_MEMORY_H 1
| #define HAVE_STRINGS_H 1
| #define HAVE_INTTYPES_H 1
| #define HAVE_STDINT_H 1
| #define HAVE_UNISTD_H 1
| #define HAVE_DLFCN_H 1
| #ifdef __cplusplus
| extern "C" void std::exit (int) throw (); using std::exit;
| #endif
| /* end confdefs.h.  */
| #include <ac_nonexistent.h>
configure:5335: checking for i486-linux-gnu-g77
configure:5364: result: no
configure:5335: checking for i486-linux-gnu-f77
configure:5364: result: no
configure:5335: checking for i486-linux-gnu-xlf
configure:5364: result: no
configure:5335: checking for i486-linux-gnu-frt
configure:5364: result: no
configure:5335: checking for i486-linux-gnu-pgf77
configure:5364: result: no
configure:5335: checking for i486-linux-gnu-fort77
configure:5364: result: no
configure:5335: checking for i486-linux-gnu-fl32
configure:5364: result: no
configure:5335: checking for i486-linux-gnu-af77
configure:5364: result: no
configure:5335: checking for i486-linux-gnu-f90
configure:5364: result: no
configure:5335: checking for i486-linux-gnu-xlf90
configure:5364: result: no
configure:5335: checking for i486-linux-gnu-pgf90
configure:5364: result: no
configure:5335: checking for i486-linux-gnu-epcf90
configure:5364: result: no
configure:5335: checking for i486-linux-gnu-f95
configure:5364: result: no
configure:5335: checking for i486-linux-gnu-fort
configure:5364: result: no
configure:5335: checking for i486-linux-gnu-xlf95
configure:5364: result: no
configure:5335: checking for i486-linux-gnu-ifc
configure:5364: result: no
configure:5335: checking for i486-linux-gnu-efc
configure:5364: result: no
configure:5335: checking for i486-linux-gnu-pgf95
configure:5364: result: no
configure:5335: checking for i486-linux-gnu-lf95
configure:5364: result: no
configure:5335: checking for i486-linux-gnu-gfortran
configure:5364: result: no
configure:5377: checking for g77
configure:5406: result: no
configure:5377: checking for f77
configure:5406: result: no
configure:5377: checking for xlf
configure:5406: result: no
configure:5377: checking for frt
configure:5406: result: no
configure:5377: checking for pgf77
configure:5406: result: no
configure:5377: checking for fort77
configure:5406: result: no
configure:5377: checking for fl32
configure:5406: result: no
configure:5377: checking for af77
configure:5406: result: no
configure:5377: checking for f90
configure:5406: result: no
configure:5377: checking for xlf90
configure:5406: result: no
configure:5377: checking for pgf90
configure:5406: result: no
configure:5377: checking for epcf90
configure:5406: result: no
configure:5377: checking for f95
configure:5406: result: no
configure:5377: checking for fort
configure:5406: result: no
configure:5377: checking for xlf95
configure:5406: result: no
configure:5377: checking for ifc
configure:5406: result: no
configure:5377: checking for efc
configure:5406: result: no
configure:5377: checking for pgf95
configure:5406: result: no
configure:5377: checking for lf95
configure:5406: result: no
configure:5377: checking for gfortran
configure:5406: result: no
configure:5418: checking for Fortran 77 compiler version
configure:5421:  --version </dev/null >&5
./configure: line 5422: --version: command not found
configure:5424: $? = 127
configure:5426:  -v </dev/null >&5
./configure: line 5427: -v: command not found
configure:5429: $? = 127
configure:5431:  -V </dev/null >&5
./configure: line 5432: -V: command not found
configure:5434: $? = 127
configure:5442: checking whether we are using the GNU Fortran 77 compiler
configure:5456:  -c  conftest.F >&5
./configure: line 5457: -c: command not found
configure:5462: $? = 127
configure: failed program was:
|       program main
| #ifndef __GNUC__
|        choke me
| #endif
| 
|       end
configure:5487: result: no
configure:5493: checking whether  accepts -g
configure:5505:  -c -g conftest.f >&5
./configure: line 5506: -c: command not found
configure:5511: $? = 127
configure: failed program was:
|       program main
| 
|       end
configure:5535: result: no
configure:5565: checking the maximum length of command line arguments
configure:5630: result: 32768
configure:5641: checking command to parse nm output from i486-linux-gnu-gcc object
configure:5730: i486-linux-gnu-gcc -c -Wall  -O2  conftest.c >&5
configure:5733: $? = 0
configure:5737: nm conftest.o \| sed -n -e 's/^.*[ 	]\([ABCDGIRSTW][ABCDGIRSTW]*\)[ 	][ 	]*\(\)\([_A-Za-z][_A-Za-z0-9]*\)$/\1 \2\3 \3/p' \> conftest.nm
configure:5740: $? = 0
configure:5792: i486-linux-gnu-gcc -o conftest -Wall  -O2  -L/usr/lib/jni conftest.c conftstm.o >&5
configure:5795: $? = 0
configure:5833: result: ok
configure:5837: checking for objdir
configure:5852: result: .libs
configure:5904: checking for i486-linux-gnu-ar
configure:5933: result: no
configure:5942: checking for ar
configure:5958: found /usr/bin/ar
configure:5969: result: ar
configure:5984: checking for i486-linux-gnu-ranlib
configure:6013: result: no
configure:6022: checking for ranlib
configure:6038: found /usr/bin/ranlib
configure:6049: result: ranlib
configure:6064: checking for i486-linux-gnu-strip
configure:6093: result: no
configure:6102: checking for strip
configure:6118: found /usr/bin/strip
configure:6129: result: strip
configure:6391: checking if i486-linux-gnu-gcc static flag  works
configure:6414: result: yes
configure:6432: checking if i486-linux-gnu-gcc supports -fno-rtti -fno-exceptions
configure:6450: i486-linux-gnu-gcc -c -Wall  -O2  -fno-rtti -fno-exceptions conftest.c >&5
cc1: warning: command line option "-fno-rtti" is valid for C++/ObjC++ but not for C
configure:6454: $? = 0
configure:6465: result: no
configure:6480: checking for i486-linux-gnu-gcc option to produce PIC
configure:6657: result: -fPIC
configure:6665: checking if i486-linux-gnu-gcc PIC flag -fPIC works
configure:6683: i486-linux-gnu-gcc -c -Wall  -O2  -fPIC -DPIC conftest.c >&5
configure:6687: $? = 0
configure:6698: result: yes
configure:6722: checking if i486-linux-gnu-gcc supports -c -o file.o
configure:6743: i486-linux-gnu-gcc -c -Wall  -O2  -o out/conftest2.o conftest.c >&5
configure:6747: $? = 0
configure:6767: result: yes
configure:6793: checking whether the i486-linux-gnu-gcc linker (/usr/bin/ld) supports shared libraries
configure:7640: result: yes
configure:7666: checking whether -lc should be explicitly linked in
configure:7671: i486-linux-gnu-gcc -c -Wall  -O2  conftest.c >&5
configure:7674: $? = 0
configure:7688: i486-linux-gnu-gcc -shared conftest.o  -v -Wl,-soname -Wl,conftest -o conftest 2\>\&1 \| grep  -lc  \>/dev/null 2\>\&1
configure:7691: $? = 0
configure:7703: result: no
configure:7711: checking dynamic linker characteristics
configure:8263: result: GNU/Linux ld.so
configure:8267: checking how to hardcode library paths into programs
configure:8292: result: immediate
configure:8306: checking whether stripping libraries is possible
configure:8311: result: yes
configure:9134: checking if libtool supports shared libraries
configure:9136: result: yes
configure:9139: checking whether to build shared libraries
configure:9197: result: yes
configure:9200: checking whether to build static libraries
configure:9204: result: no
configure:9296: creating libtool
configure:9843: checking for ld used by i486-linux-gnu-g++
configure:9910: result: /usr/bin/ld
configure:9919: checking if the linker (/usr/bin/ld) is GNU ld
configure:9934: result: yes
configure:9985: checking whether the i486-linux-gnu-g++ linker (/usr/bin/ld) supports shared libraries
configure:10811: result: yes
configure:10829: i486-linux-gnu-g++ -c -g -O2  conftest.cc >&5
configure:10832: $? = 0
configure:10928: checking for i486-linux-gnu-g++ option to produce PIC
configure:11180: result: -fPIC
configure:11188: checking if i486-linux-gnu-g++ PIC flag -fPIC works
configure:11206: i486-linux-gnu-g++ -c -g -O2  -fPIC -DPIC conftest.cc >&5
configure:11210: $? = 0
configure:11221: result: yes
configure:11245: checking if i486-linux-gnu-g++ supports -c -o file.o
configure:11266: i486-linux-gnu-g++ -c -g -O2  -o out/conftest2.o conftest.cc >&5
configure:11270: $? = 0
configure:11290: result: yes
configure:11316: checking whether the i486-linux-gnu-g++ linker (/usr/bin/ld) supports shared libraries
configure:11344: result: yes
configure:11415: checking dynamic linker characteristics
configure:11967: result: GNU/Linux ld.so
configure:11971: checking how to hardcode library paths into programs
configure:11996: result: immediate
configure:12010: checking whether stripping libraries is possible
configure:12015: result: yes
configure:15647: checking if gcj supports -fno-rtti -fno-exceptions
configure:15680: result: no
configure:15695: checking for gcj option to produce PIC
configure:15872: result: -fPIC
configure:15880: checking if gcj PIC flag -fPIC works
configure:15898: gcj -c -Wall  -O2  -fPIC conftest.java >&5
configure:15902: $? = 0
configure:15913: result: yes
configure:15937: checking if gcj supports -c -o file.o
configure:15958: gcj -c -Wall  -O2  -o out/conftest2.o conftest.java >&5
configure:15962: $? = 0
configure:15982: result: yes
configure:16008: checking whether the gcj linker (/usr/bin/ld) supports shared libraries
configure:16855: result: yes
configure:16926: checking dynamic linker characteristics
configure:17478: result: GNU/Linux ld.so
configure:17482: checking how to hardcode library paths into programs
configure:17507: result: immediate
configure:17521: checking whether stripping libraries is possible
configure:17526: result: yes
configure:19319: checking for i486-linux-gnu-gcc
configure:19345: result: i486-linux-gnu-gcc
configure:19627: checking for C compiler version
configure:19630: i486-linux-gnu-gcc --version </dev/null >&5
i486-linux-gnu-gcc (GCC) 4.0.2 (Debian 4.0.2-2)
Copyright (C) 2005 Free Software Foundation, Inc.
This is free software; see the source for copying conditions.  There is NO
warranty; not even for MERCHANTABILITY or FITNESS FOR A PARTICULAR PURPOSE.

configure:19633: $? = 0
configure:19635: i486-linux-gnu-gcc -v </dev/null >&5
Using built-in specs.
Target: i486-linux-gnu
Configured with: ../src/configure -v --enable-languages=c,c++,java,f95,objc,ada,treelang --prefix=/usr --enable-shared --with-system-zlib --libexecdir=/usr/lib --without-included-gettext --enable-threads=posix --enable-nls --program-suffix=-4.0 --enable-__cxa_atexit --enable-libstdcxx-allocator=mt --enable-clocale=gnu --enable-libstdcxx-debug --enable-java-gc=boehm --enable-java-awt=gtk --enable-gtk-cairo --with-java-home=/usr/lib/jvm/java-1.4.2-gcj-4.0-1.4.2.0/jre --enable-mpfr --disable-werror --enable-checking=release i486-linux-gnu
Thread model: posix
gcc version 4.0.2 (Debian 4.0.2-2)
configure:19638: $? = 0
configure:19640: i486-linux-gnu-gcc -V </dev/null >&5
i486-linux-gnu-gcc: '-V' option must have argument
configure:19643: $? = 1
configure:19646: checking whether we are using the GNU C compiler
configure:19701: result: yes
configure:19707: checking whether i486-linux-gnu-gcc accepts -g
configure:19757: result: yes
configure:19774: checking for i486-linux-gnu-gcc option to accept ANSI C
configure:19880: result: none needed
configure:19898: i486-linux-gnu-gcc -c -Wall  -O2  conftest.c >&5
conftest.c:2: error: syntax error before 'me'
configure:19904: $? = 1
configure: failed program was:
| #ifndef __cplusplus
|   choke me
| #endif
configure:20036: checking dependency style of i486-linux-gnu-gcc
configure:20126: result: none
configure:20156: checking for a BSD-compatible install
configure:20211: result: /usr/bin/install -c
configure:20225: checking for db2html
configure:20243: found /usr/bin/db2html
configure:20256: result: /usr/bin/db2html
configure:20331: checking for gcj
configure:20347: found /usr/bin/gcj
configure:20357: result: gcj -C
configure:20414: checking if gcj -C works
configure:20428: gcj -C  Test.java
configure:20431: $? = 0
configure:20444: result: yes
configure:20545: checking for jar
configure:20561: found /usr/bin/jar
configure:20571: result: jar
configure:20659: checking for gcj
configure:20677: found /usr/bin/gcj
configure:20690: result: /usr/bin/gcj
configure:20699: checking for GCJ - version >= 3.3.0
configure:20747: i486-linux-gnu-gcc -o conftest -Wall  -O2  -L/usr/lib/jni conftest.c  >&5
conftest.c:29: warning: return type defaults to 'int'
configure:20750: $? = 0
configure:20752: ./conftest
configure:20755: $? = 0
configure:20770: result: yes
configure:20774: checking for gcj
configure:20805: result: /usr/bin/gcj
configure:20814: checking for jar
configure:20832: found /usr/bin/jar
configure:20845: result: /usr/bin/jar
configure:20917: checking platform to setup platform specific variables
configure:20953: result: linux-gnu
configure:20971: checking for main in -libs
configure:20995: i486-linux-gnu-gcc -o conftest -Wall  -O2  -L/usr/lib/jni conftest.c -libs   >&5
/usr/bin/ld: cannot find -libs
collect2: ld returned 1 exit status
configure:21001: $? = 1
configure: failed program was:
| /* confdefs.h.  */
| 
| #define PACKAGE_NAME ""
| #define PACKAGE_TARNAME ""
| #define PACKAGE_VERSION ""
| #define PACKAGE_STRING ""
| #define PACKAGE_BUGREPORT ""
| #define PACKAGE "gelux-installer"
| #define VERSION "1.0.0"
| #define STDC_HEADERS 1
| #define HAVE_SYS_TYPES_H 1
| #define HAVE_SYS_STAT_H 1
| #define HAVE_STDLIB_H 1
| #define HAVE_STRING_H 1
| #define HAVE_MEMORY_H 1
| #define HAVE_STRINGS_H 1
| #define HAVE_INTTYPES_H 1
| #define HAVE_STDINT_H 1
| #define HAVE_UNISTD_H 1
| #define HAVE_DLFCN_H 1
| #ifdef __cplusplus
| extern "C" void std::exit (int) throw (); using std::exit;
| #endif
| /* end confdefs.h.  */
| 
| 
| int
| main ()
| {
| main ();
|   ;
|   return 0;
| }
configure:21026: result: no
configure:21050: checking for an ANSI C-conforming const
configure:21117: i486-linux-gnu-gcc -c -Wall  -O2  conftest.c >&5
conftest.c: In function 'main':
conftest.c:52: warning: unused variable 's'
conftest.c:72: warning: unused variable 'foo'
conftest.c:39: warning: unused variable 'zero'
conftest.c:33: warning: unused variable 'x'
conftest.c:54: warning: 't' is used uninitialized in this function
conftest.c:69: warning: 'b' is used uninitialized in this function
configure:21123: $? = 0
configure:21126: test -z 			 || test ! -s conftest.err
configure:21129: $? = 0
configure:21132: test -s conftest.o
configure:21135: $? = 0
configure:21146: result: yes
configure:21159: checking for working alloca.h
configure:21180: i486-linux-gnu-gcc -o conftest -Wall  -O2  -L/usr/lib/jni conftest.c  >&5
conftest.c: In function 'main':
conftest.c:29: warning: unused variable 'p'
configure:21186: $? = 0
configure:21189: test -z 			 || test ! -s conftest.err
configure:21192: $? = 0
configure:21195: test -s conftest
configure:21198: $? = 0
configure:21210: result: yes
configure:21220: checking for alloca
configure:21261: i486-linux-gnu-gcc -o conftest -Wall  -O2  -L/usr/lib/jni conftest.c  >&5
conftest.c: In function 'main':
conftest.c:50: warning: unused variable 'p'
configure:21267: $? = 0
configure:21270: test -z 			 || test ! -s conftest.err
configure:21273: $? = 0
configure:21276: test -s conftest
configure:21279: $? = 0
configure:21291: result: yes
configure:21522: checking for i486-linux-gnu-pkg-config
configure:21555: result: no
configure:21564: checking for pkg-config
configure:21582: found /usr/bin/pkg-config
configure:21594: result: /usr/bin/pkg-config
configure:21609: checking pkg-config is at least version 0.9.0
configure:21612: result: yes
configure:21625: checking for GTKJAVA
configure:21630: $PKG_CONFIG --exists --print-errors "gtk2-java >= 2.4.0"
configure:21633: $? = 0
configure:21644: $PKG_CONFIG --exists --print-errors "gtk2-java >= 2.4.0"
configure:21647: $? = 0
configure:21702: result: yes
configure:21750: checking for gtk-java api version
configure:21753: result: 2.4
configure:21757: checking for gtk-java jar file
configure:21760: result: /usr/share/java/gtk2.4.jar
configure:21765: checking for gtk-java library
configure:21771: result: -lgtkjar2.4
configure:21775: checking for gtk-java cflags
configure:21778: result:  
configure:21782: checking for gtk-java jni library
configure:21785: result: 
configure:21794: checking for GNOMEJAVA
configure:21799: $PKG_CONFIG --exists --print-errors "gnome2-java >= 2.8.0"
configure:21802: $? = 0
configure:21813: $PKG_CONFIG --exists --print-errors "gnome2-java >= 2.8.0"
configure:21816: $? = 0
configure:21871: result: yes
configure:21919: checking for gnome-java api version
configure:21922: result: 2.8
configure:21926: checking for gnome-java jar file
configure:21929: result: /usr/share/java/gnome2.8-2.8.2.jar
configure:21934: checking for gnome-java library
configure:21938: result: -lgnomejar2.8
configure:21947: checking for GLADEJAVA
configure:21952: $PKG_CONFIG --exists --print-errors "glade-java >= 2.8.0"
configure:21955: $? = 0
configure:21966: $PKG_CONFIG --exists --print-errors "glade-java >= 2.8.0"
configure:21969: $? = 0
configure:22024: result: yes
configure:22072: checking for glade-java api version
configure:22075: result: 2.8
configure:22079: checking for glade-java jar file
configure:22082: result: /usr/share/java/glade2.8.jar
configure:22087: checking for glade-java library
configure:22091: result: -lgladejar2.8
configure:22095: checking for glade-java cflags
configure:22099: result:  
configure:22103: checking for glade-java jni library
configure:22106: result: 
configure:22116: checking for PARTEDJAVA
configure:22121: $PKG_CONFIG --exists --print-errors "parted-java >= 1.0"
configure:22124: $? = 0
configure:22135: $PKG_CONFIG --exists --print-errors "parted-java >= 1.0"
configure:22138: $? = 0
configure:22193: result: yes
configure:22241: checking for parted-java api version
configure:22244: result: 1.0
configure:22248: checking for parted-java jar file
configure:22251: result: /usr/share/java/parted1.0-1.0.jar
configure:22256: checking for parted-java library
configure:22259: result: -lpartedjava-1.0  
configure:22263: checking for parted-java cflags
configure:22266: result: 
configure:22272: checking whether i486-linux-gnu-gcc and cc understand -c and -o together
configure:22302: i486-linux-gnu-gcc -c conftest.c -o conftest.o >&5
configure:22305: $? = 0
configure:22307: i486-linux-gnu-gcc -c conftest.c -o conftest.o >&5
configure:22310: $? = 0
configure:22317: cc -c conftest.c >&5
configure:22320: $? = 0
configure:22323: cc -c conftest.c -o conftest.o >&5
configure:22326: $? = 0
configure:22328: cc -c conftest.c -o conftest.o >&5
configure:22331: $? = 0
configure:22349: result: yes
configure:22570: creating ./config.status

## ---------------------- ##
## Running config.status. ##
## ---------------------- ##

This file was extended by config.status, which was
generated by GNU Autoconf 2.59.  Invocation command line was

  CONFIG_FILES    = 
  CONFIG_HEADERS  = 
  CONFIG_LINKS    = 
  CONFIG_COMMANDS = 
  $ ./config.status 

on joshua

config.status:802: creating Makefile
config.status:802: creating data/Makefile
config.status:947: executing depfiles commands

## ---------------- ##
## Cache variables. ##
## ---------------- ##

ac_cv_build=i486-pc-linux-gnu
ac_cv_build_alias=i486-linux-gnu
ac_cv_c_compiler_gnu=yes
ac_cv_c_const=yes
ac_cv_cxx_compiler_gnu=yes
ac_cv_env_CC_set=
ac_cv_env_CC_value=
ac_cv_env_CFLAGS_set=set
ac_cv_env_CFLAGS_value='-Wall  -O2'
ac_cv_env_CPPFLAGS_set=
ac_cv_env_CPPFLAGS_value=
ac_cv_env_CPP_set=
ac_cv_env_CPP_value=
ac_cv_env_CXXCPP_set=
ac_cv_env_CXXCPP_value=
ac_cv_env_CXXFLAGS_set=
ac_cv_env_CXXFLAGS_value=
ac_cv_env_CXX_set=
ac_cv_env_CXX_value=
ac_cv_env_F77_set=
ac_cv_env_F77_value=
ac_cv_env_FFLAGS_set=
ac_cv_env_FFLAGS_value=
ac_cv_env_GLADEJAVA_CFLAGS_set=
ac_cv_env_GLADEJAVA_CFLAGS_value=
ac_cv_env_GLADEJAVA_LIBS_set=
ac_cv_env_GLADEJAVA_LIBS_value=
ac_cv_env_GNOMEJAVA_CFLAGS_set=
ac_cv_env_GNOMEJAVA_CFLAGS_value=
ac_cv_env_GNOMEJAVA_LIBS_set=
ac_cv_env_GNOMEJAVA_LIBS_value=
ac_cv_env_GTKJAVA_CFLAGS_set=
ac_cv_env_GTKJAVA_CFLAGS_value=
ac_cv_env_GTKJAVA_LIBS_set=
ac_cv_env_GTKJAVA_LIBS_value=
ac_cv_env_LDFLAGS_set=set
ac_cv_env_LDFLAGS_value=-L/usr/lib/jni
ac_cv_env_PARTEDJAVA_CFLAGS_set=
ac_cv_env_PARTEDJAVA_CFLAGS_value=
ac_cv_env_PARTEDJAVA_LIBS_set=
ac_cv_env_PARTEDJAVA_LIBS_value=
ac_cv_env_PKG_CONFIG_set=
ac_cv_env_PKG_CONFIG_value=
ac_cv_env_build_alias_set=set
ac_cv_env_build_alias_value=i486-linux-gnu
ac_cv_env_host_alias_set=set
ac_cv_env_host_alias_value=i486-linux-gnu
ac_cv_env_target_alias_set=
ac_cv_env_target_alias_value=
ac_cv_exeext=
ac_cv_f77_compiler_gnu=no
ac_cv_func_alloca_works=yes
ac_cv_header_dlfcn_h=yes
ac_cv_header_inttypes_h=yes
ac_cv_header_memory_h=yes
ac_cv_header_stdc=yes
ac_cv_header_stdint_h=yes
ac_cv_header_stdlib_h=yes
ac_cv_header_string_h=yes
ac_cv_header_strings_h=yes
ac_cv_header_sys_stat_h=yes
ac_cv_header_sys_types_h=yes
ac_cv_header_unistd_h=yes
ac_cv_host=i486-pc-linux-gnu
ac_cv_host_alias=i486-linux-gnu
ac_cv_lib_ibs_main=no
ac_cv_objext=o
ac_cv_path_DB1=/usr/bin/db2html
ac_cv_path_GCJ=/usr/bin/gcj
ac_cv_path_JAR=/usr/bin/jar
ac_cv_path_ac_pt_PKG_CONFIG=/usr/bin/pkg-config
ac_cv_path_install='/usr/bin/install -c'
ac_cv_prog_AWK=gawk
ac_cv_prog_CC=i486-linux-gnu-gcc
ac_cv_prog_CPP='i486-linux-gnu-gcc -E'
ac_cv_prog_CXX=i486-linux-gnu-g++
ac_cv_prog_CXXCPP='i486-linux-gnu-g++ -E'
ac_cv_prog_GCJ=gcj
ac_cv_prog_JAR=jar
ac_cv_prog_JAVAC='gcj -C'
ac_cv_prog_ac_ct_AR=ar
ac_cv_prog_ac_ct_RANLIB=ranlib
ac_cv_prog_ac_ct_STRIP=strip
ac_cv_prog_cc_g=yes
ac_cv_prog_cc_i486_linux_gnu_gcc_c_o=yes
ac_cv_prog_cc_stdc=
ac_cv_prog_cxx_g=yes
ac_cv_prog_egrep='grep -E'
ac_cv_prog_f77_g=no
ac_cv_prog_javac_works=yes
ac_cv_prog_make_make_set=yes
ac_cv_working_alloca_h=yes
am_cv_CC_dependencies_compiler_type=none
am_cv_CXX_dependencies_compiler_type=none
am_cv_GCJ_dependencies_compiler_type=none
lt_cv_deplibs_check_method=pass_all
lt_cv_file_magic_cmd='$MAGIC_CMD'
lt_cv_file_magic_test_file=
lt_cv_ld_reload_flag=-r
lt_cv_objdir=.libs
lt_cv_path_LD=/usr/bin/ld
lt_cv_path_LDCXX=/usr/bin/ld
lt_cv_path_NM=nm
lt_cv_path_SED=/usr/bin/sed
lt_cv_prog_compiler_c_o=yes
lt_cv_prog_compiler_c_o_CXX=yes
lt_cv_prog_compiler_c_o_GCJ=yes
lt_cv_prog_compiler_rtti_exceptions=no
lt_cv_prog_gnu_ld=yes
lt_cv_prog_gnu_ldcxx=yes
lt_cv_sys_global_symbol_pipe='sed -n -e '\''s/^.*[ 	]\([ABCDGIRSTW][ABCDGIRSTW]*\)[ 	][ 	]*\(\)\([_A-Za-z][_A-Za-z0-9]*\)$/\1 \2\3 \3/p'\'''
lt_cv_sys_global_symbol_to_c_name_address='sed -n -e '\''s/^: \([^ ]*\) $/  {\"\1\", (lt_ptr) 0},/p'\'' -e '\''s/^[BCDEGRST] \([^ ]*\) \([^ ]*\)$/  {"\2", (lt_ptr) \&\2},/p'\'''
lt_cv_sys_global_symbol_to_cdecl='sed -n -e '\''s/^. .* \(.*\)$/extern int \1;/p'\'''
lt_cv_sys_max_cmd_len=32768
lt_lt_cv_prog_compiler_c_o='"yes"'
lt_lt_cv_prog_compiler_c_o_CXX='"yes"'
lt_lt_cv_prog_compiler_c_o_GCJ='"yes"'
lt_lt_cv_sys_global_symbol_pipe='"sed -n -e '\''s/^.*[ 	]\\([ABCDGIRSTW][ABCDGIRSTW]*\\)[ 	][ 	]*\\(\\)\\([_A-Za-z][_A-Za-z0-9]*\\)\$/\\1 \\2\\3 \\3/p'\''"'
lt_lt_cv_sys_global_symbol_to_c_name_address='"sed -n -e '\''s/^: \\([^ ]*\\) \$/  {\\\"\\1\\\", (lt_ptr) 0},/p'\'' -e '\''s/^[BCDEGRST] \\([^ ]*\\) \\([^ ]*\\)\$/  {\"\\2\", (lt_ptr) \\&\\2},/p'\''"'
lt_lt_cv_sys_global_symbol_to_cdecl='"sed -n -e '\''s/^. .* \\(.*\\)\$/extern int \\1;/p'\''"'
pkg_cv_GLADEJAVA_CFLAGS=' '
pkg_cv_GLADEJAVA_LIBS=' '
pkg_cv_GNOMEJAVA_CFLAGS=' '
pkg_cv_GNOMEJAVA_LIBS=' '
pkg_cv_GTKJAVA_CFLAGS=' '
pkg_cv_GTKJAVA_LIBS=' '
pkg_cv_PARTEDJAVA_CFLAGS='-fjni  '
pkg_cv_PARTEDJAVA_LIBS='-lpartedjava-1.0  '

## ----------------- ##
## Output variables. ##
## ----------------- ##

ACLOCAL='${SHELL} /home/devel/gelux/geluxcvs/gelux-devel/gelux-installer/missing --run aclocal-1.9'
ALLOCA=''
AMDEPBACKSLASH='\'
AMDEP_FALSE='#'
AMDEP_TRUE=''
AMTAR='${SHELL} /home/devel/gelux/geluxcvs/gelux-devel/gelux-installer/missing --run tar'
AR='ar'
AUTOCONF='${SHELL} /home/devel/gelux/geluxcvs/gelux-devel/gelux-installer/missing --run autoconf'
AUTOHEADER='${SHELL} /home/devel/gelux/geluxcvs/gelux-devel/gelux-installer/missing --run autoheader'
AUTOMAKE='${SHELL} /home/devel/gelux/geluxcvs/gelux-devel/gelux-installer/missing --run automake-1.9'
AWK='gawk'
BUILD_GCJ_FALSE='#'
BUILD_GCJ_TRUE=''
BUILD_JAVADOC_FALSE=''
BUILD_JAVADOC_TRUE='#'
CC='i486-linux-gnu-gcc'
CCDEPMODE='depmode=none'
CFLAGS='-Wall  -O2'
CPP='i486-linux-gnu-gcc -E'
CPPFLAGS=''
CXX='i486-linux-gnu-g++'
CXXCPP='i486-linux-gnu-g++ -E'
CXXDEPMODE='depmode=none'
CXXFLAGS='-g -O2'
CYGPATH_W='echo'
DB1='/usr/bin/db2html'
DB2=''
DEFS='-DPACKAGE_NAME=\"\" -DPACKAGE_TARNAME=\"\" -DPACKAGE_VERSION=\"\" -DPACKAGE_STRING=\"\" -DPACKAGE_BUGREPORT=\"\" -DPACKAGE=\"gelux-installer\" -DVERSION=\"1.0.0\" -DSTDC_HEADERS=1 -DHAVE_SYS_TYPES_H=1 -DHAVE_SYS_STAT_H=1 -DHAVE_STDLIB_H=1 -DHAVE_STRING_H=1 -DHAVE_MEMORY_H=1 -DHAVE_STRINGS_H=1 -DHAVE_INTTYPES_H=1 -DHAVE_STDINT_H=1 -DHAVE_UNISTD_H=1 -DHAVE_DLFCN_H=1 -DHAVE_ALLOCA_H=1 -DHAVE_ALLOCA=1 '
DEPDIR='.deps'
DOCBOOK='/usr/bin/db2html'
ECHO='echo'
ECHO_C=''
ECHO_N='-n'
ECHO_T=''
EGREP='grep -E'
EXEEXT=''
F77=''
FFLAGS=''
GCJ='/usr/bin/gcj'
GCJDEPMODE='depmode=none'
GCJFLAGS='-O3 -pipe'
GCJ_CLASSPATH='/usr/share/java/libgcj-4.0.2.jar:.'
GLADEJAR='/usr/share/java/glade2.8.jar'
GLADEJAVA_CFLAGS=' '
GLADEJAVA_LIBS='-lgladejar2.8'
GLADEJNI_LIBS='-lgladejava2.8'
GNOMEJAR='/usr/share/java/gnome2.8-2.8.2.jar'
GNOMEJAVA_CFLAGS=' '
GNOMEJAVA_LIBS='-lgnomejar2.8'
GTKJAR='/usr/share/java/gtk2.4.jar'
GTKJAVA_CFLAGS=' '
GTKJAVA_LIBS='-lgtkjar2.4'
GTKJNI_LIBS=''
HAVE_DOCBOOK_FALSE='#'
HAVE_DOCBOOK_TRUE=''
INSTALLED_CLASSPATH='${prefix}/share/java/gelux-installer-1.0.0.jar'
INSTALLED_CLASSPATH_BUILDPLACE='/home/devel/gelux/geluxcvs/gelux-devel/gelux-installer/lib/gelux-installer-1.0.0.jar'
INSTALLED_JNI_DIR='${prefix}/lib/'
INSTALLED_JNI_DIR_BUILDPLACE='/home/devel/gelux/geluxcvs/gelux-devel/gelux-installer/lib/'
INSTALLED_MACRO_DIR='${prefix}/share/gelux-java/macros/'
INSTALLED_MACRO_DIR_BUILDPLACE='/home/devel/gelux/geluxcvs/gelux-devel/gelux-installer/macros/'
INSTALL_DATA='${INSTALL} -m 644'
INSTALL_PROGRAM='${INSTALL}'
INSTALL_SCRIPT='${INSTALL}'
INSTALL_STRIP_PROGRAM='${SHELL} $(install_sh) -c -s'
INSTALL_TARGETS=''
JAR='/usr/bin/jar'
JAVAC='gcj -C'
JAVADOC=''
JNI_INCLUDES=''
LDFLAGS='-L/usr/lib/jni'
LIBOBJS=''
LIBS=''
LIBTOOL='$(SHELL) $(top_builddir)/libtool'
LN_S='ln -s'
LTLIBOBJS=''
MACRO_FLAG=''
MAKEINFO='${SHELL} /home/devel/gelux/geluxcvs/gelux-devel/gelux-installer/missing --run makeinfo'
OBJEXT='o'
PACKAGE='gelux-installer'
PACKAGE_BUGREPORT=''
PACKAGE_NAME=''
PACKAGE_STRING=''
PACKAGE_TARNAME=''
PACKAGE_VERSION=''
PARTEDJAR='/usr/share/java/parted1.0-1.0.jar'
PARTEDJAVA_CFLAGS='-fjni  '
PARTEDJAVA_LIBS='-lpartedjava-1.0  '
PATH_SEPARATOR=':'
PKG_CONFIG='/usr/bin/pkg-config'
PLATFORM_CFLAGS=''
PLATFORM_CLASSPATH_SEPARATOR=':'
PLATFORM_LDFLAGS=''
RANLIB='ranlib'
SET_MAKE=''
SHELL='/bin/sh'
STRIP='strip'
TOPLEVEL_TARGETS=''
UNINSTALL_TARGETS=''
VERSION='1.0.0'
WINDOWS_BUILD_FALSE=''
WINDOWS_BUILD_TRUE='#'
ac_ct_AR='ar'
ac_ct_CC=''
ac_ct_CXX=''
ac_ct_F77=''
ac_ct_RANLIB='ranlib'
ac_ct_STRIP='strip'
ac_pt_PKG_CONFIG='/usr/bin/pkg-config'
am__fastdepCC_FALSE=''
am__fastdepCC_TRUE='#'
am__fastdepCXX_FALSE=''
am__fastdepCXX_TRUE='#'
am__fastdepGCJ_FALSE=''
am__fastdepGCJ_TRUE='#'
am__include='include'
am__leading_dot='.'
am__quote=''
am__tar='${AMTAR} chof - "$$tardir"'
am__untar='${AMTAR} xf -'
bindir='${exec_prefix}/bin'
build='i486-pc-linux-gnu'
build_alias='i486-linux-gnu'
build_cpu='i486'
build_os='linux-gnu'
build_vendor='pc'
datadir='${prefix}/share'
exec_prefix='${prefix}'
gladeapiversion='2.8'
gnomeapiversion='2.8'
gtkapiversion='2.4'
host='i486-pc-linux-gnu'
host_alias='i486-linux-gnu'
host_cpu='i486'
host_os='linux-gnu'
host_vendor='pc'
includedir='${prefix}/include'
infodir='${prefix}/share/info'
install_sh='/home/devel/gelux/geluxcvs/gelux-devel/gelux-installer/install-sh'
jardir='${prefix}/share/java'
libdir='${exec_prefix}/lib'
libexecdir='${exec_prefix}/libexec'
localstatedir='${prefix}/var'
mandir='${prefix}/share/man'
mkdir_p='mkdir -p --'
oldincludedir='/usr/include'
partedapiversion='1.0'
prefix='/usr'
program_transform_name='s,x,x,'
sbindir='${exec_prefix}/sbin'
sharedstatedir='${prefix}/com'
sysconfdir='${prefix}/etc'
target_alias=''

## ----------- ##
## confdefs.h. ##
## ----------- ##

#define HAVE_ALLOCA 1
#define HAVE_ALLOCA_H 1
#define HAVE_DLFCN_H 1
#define HAVE_INTTYPES_H 1
#define HAVE_MEMORY_H 1
#define HAVE_STDINT_H 1
#define HAVE_STDLIB_H 1
#define HAVE_STRINGS_H 1
#define HAVE_STRING_H 1
#define HAVE_SYS_STAT_H 1
#define HAVE_SYS_TYPES_H 1
#define HAVE_UNISTD_H 1
#define PACKAGE "gelux-installer"
#define PACKAGE_BUGREPORT ""
#define PACKAGE_NAME ""
#define PACKAGE_STRING ""
#define PACKAGE_TARNAME ""
#define PACKAGE_VERSION ""
#define STDC_HEADERS 1
#define VERSION "1.0.0"
#endif
#ifdef __cplusplus
extern "C" void std::exit (int) throw (); using std::exit;

configure: exit 0
